<?xml version="1.0" encoding="UTF-8"?>
<testsuite name="com.aureleconomy.economy.EconomyManagerTest" tests="11" skipped="0" failures="0" errors="0" timestamp="2026-03-27T02:00:56" hostname="devbox" time="2.537">
  <properties/>
  <testcase name="Should check if player has enough balance" classname="com.aureleconomy.economy.EconomyManagerTest" time="2.344"/>
  <testcase name="Should withdraw amount from database and cache" classname="com.aureleconomy.economy.EconomyManagerTest" time="0.026"/>
  <testcase name="Should load balance from database if not cached" classname="com.aureleconomy.economy.EconomyManagerTest" time="0.027"/>
  <testcase name="testGetDefaultCurrency()" classname="com.aureleconomy.economy.EconomyManagerTest" time="0.013"/>
  <testcase name="Should ignore negative deposits" classname="com.aureleconomy.economy.EconomyManagerTest" time="0.016"/>
  <testcase name="Should format amount with currency symbol" classname="com.aureleconomy.economy.EconomyManagerTest" time="0.015"/>
  <testcase name="Should ignore negative withdrawals" classname="com.aureleconomy.economy.EconomyManagerTest" time="0.01"/>
  <testcase name="Should deposit amount to database and cache" classname="com.aureleconomy.economy.EconomyManagerTest" time="0.016"/>
  <testcase name="Should return default starting balance if not in database" classname="com.aureleconomy.economy.EconomyManagerTest" time="0.013"/>
  <testcase name="Should return cached balance if available" classname="com.aureleconomy.economy.EconomyManagerTest" time="0.012"/>
  <testcase name="Should format amount correctly" classname="com.aureleconomy.economy.EconomyManagerTest" time="0.011"/>
  <system-out><![CDATA[]]></system-out>
  <system-err><![CDATA[WARNING: A Java agent has been loaded dynamically (/home/jules/.gradle/caches/modules-2/files-2.1/net.bytebuddy/byte-buddy-agent/1.14.10/90ed94ac044ea8953b224304c762316e91fd6b31/byte-buddy-agent-1.14.10.jar)
WARNING: If a serviceability tool is in use, please run with -XX:+EnableDynamicAgentLoading to hide this warning
WARNING: If a serviceability tool is not in use, please run with -Djdk.instrument.traceUsage for more information
WARNING: Dynamic loading of agents will be disallowed by default in a future release
]]></system-err>
</testsuite>
